module.js:549
    throw err;
    ^

Error: Cannot find module 'pm2'
    at Function.Module._resolveFilename (module.js:547:15)
    at Function.Module._load (module.js:474:25)
    at Module.require (module.js:596:17)
    at require (internal/module.js:11:18)
    at Object.<anonymous> (/app/bot.js:22:11)
    at Module._compile (module.js:652:30)
    at Object.Module._extensions..js (module.js:663:10)
    at Module.load (module.js:565:32)
    at tryModuleLoad (module.js:505:12)
    at Function.Module._load (module.js:497:3)
    at Function.Module.runMain (module.js:693:10)
    at startup (bootstrap_node.js:191:16)
    at bootstrap_node.js:612:3
error: Forever detected script exited with code: 1
error: Script restart attempt #1
module.js:549
    throw err;
    ^

Error: Cannot find module 'pm2'
    at Function.Module._resolveFilename (module.js:547:15)
    at Function.Module._load (module.js:474:25)
    at Module.require (module.js:596:17)
    at require (internal/module.js:11:18)
    at Object.<anonymous> (/app/bot.js:22:11)
    at Module._compile (module.js:652:30)
    at Object.Module._extensions..js (module.js:663:10)
    at Module.load (module.js:565:32)
    at tryModuleLoad (module.js:505:12)
    at Function.Module._load (module.js:497:3)
    at Function.Module.runMain (module.js:693:10)
    at startup (bootstrap_node.js:191:16)
    at bootstrap_node.js:612:3
error: Forever detected script exited with code: 1
error: Script restart attempt #2
module.js:549
    throw err;
    ^

Error: Cannot find module 'pm2'
    at Function.Module._resolveFilename (module.js:547:15)
    at Function.Module._load (module.js:474:25)
    at Module.require (module.js:596:17)
    at require (internal/module.js:11:18)
    at Object.<anonymous> (/app/bot.js:22:11)
    at Module._compile (module.js:652:30)
    at Object.Module._extensions..js (module.js:663:10)
    at Module.load (module.js:565:32)
    at tryModuleLoad (module.js:505:12)
    at Function.Module._load (module.js:497:3)
    at Function.Module.runMain (module.js:693:10)
    at startup (bootstrap_node.js:191:16)
    at bootstrap_node.js:612:3
error: Forever detected script exited with code: 1
error: Script restart attempt #3
module.js:549
    throw err;
    ^

Error: Cannot find module 'pm2'
    at Function.Module._resolveFilename (module.js:547:15)
    at Function.Module._load (module.js:474:25)
    at Module.require (module.js:596:17)
    at require (internal/module.js:11:18)
    at Object.<anonymous> (/app/bot.js:22:11)
    at Module._compile (module.js:652:30)
    at Object.Module._extensions..js (module.js:663:10)
    at Module.load (module.js:565:32)
    at tryModuleLoad (module.js:505:12)
    at Function.Module._load (module.js:497:3)
    at Function.Module.runMain (module.js:693:10)
    at startup (bootstrap_node.js:191:16)
    at bootstrap_node.js:612:3
error: Forever detected script exited with code: 1
error: Script restart attempt #4
module.js:549
    throw err;
    ^

Error: Cannot find module 'pm2'
    at Function.Module._resolveFilename (module.js:547:15)
    at Function.Module._load (module.js:474:25)
    at Module.require (module.js:596:17)
    at require (internal/module.js:11:18)
    at Object.<anonymous> (/app/bot.js:22:11)
    at Module._compile (module.js:652:30)
    at Object.Module._extensions..js (module.js:663:10)
    at Module.load (module.js:565:32)
    at tryModuleLoad (module.js:505:12)
    at Function.Module._load (module.js:497:3)
    at Function.Module.runMain (module.js:693:10)
    at startup (bootstrap_node.js:191:16)
    at bootstrap_node.js:612:3
error: Forever detected script exited with code: 1
error: Script restart attempt #5
module.js:549
    throw err;
    ^

Error: Cannot find module 'pm2'
    at Function.Module._resolveFilename (module.js:547:15)
    at Function.Module._load (module.js:474:25)
    at Module.require (module.js:596:17)
    at require (internal/module.js:11:18)
    at Object.<anonymous> (/app/bot.js:22:11)
    at Module._compile (module.js:652:30)
    at Object.Module._extensions..js (module.js:663:10)
    at Module.load (module.js:565:32)
    at tryModuleLoad (module.js:505:12)
    at Function.Module._load (module.js:497:3)
    at Function.Module.runMain (module.js:693:10)
    at startup (bootstrap_node.js:191:16)
    at bootstrap_node.js:612:3
error: Forever detected script exited with code: 1
error: Script restart attempt #6
module.js:549
    throw err;
    ^

Error: Cannot find module 'pm2'
    at Function.Module._resolveFilename (module.js:547:15)
    at Function.Module._load (module.js:474:25)
    at Module.require (module.js:596:17)
    at require (internal/module.js:11:18)
    at Object.<anonymous> (/app/bot.js:22:11)
    at Module._compile (module.js:652:30)
    at Object.Module._extensions..js (module.js:663:10)
    at Module.load (module.js:565:32)
    at tryModuleLoad (module.js:505:12)
    at Function.Module._load (module.js:497:3)
    at Function.Module.runMain (module.js:693:10)
    at startup (bootstrap_node.js:191:16)
    at bootstrap_node.js:612:3
error: Forever detected script exited with code: 1
error: Script restart attempt #7
module.js:549
    throw err;
    ^

Error: Cannot find module 'pm2'
    at Function.Module._resolveFilename (module.js:547:15)
    at Function.Module._load (module.js:474:25)
    at Module.require (module.js:596:17)
    at require (internal/module.js:11:18)
    at Object.<anonymous> (/app/bot.js:22:11)
    at Module._compile (module.js:652:30)
    at Object.Module._extensions..js (module.js:663:10)
    at Module.load (module.js:565:32)
    at tryModuleLoad (module.js:505:12)
    at Function.Module._load (module.js:497:3)
    at Function.Module.runMain (module.js:693:10)
    at startup (bootstrap_node.js:191:16)
    at bootstrap_node.js:612:3
error: Forever detected script exited with code: 1
error: Script restart attempt #8
module.js:549
    throw err;
    ^

Error: Cannot find module 'pm2'
    at Function.Module._resolveFilename (module.js:547:15)
    at Function.Module._load (module.js:474:25)
    at Module.require (module.js:596:17)
    at require (internal/module.js:11:18)
    at Object.<anonymous> (/app/bot.js:22:11)
    at Module._compile (module.js:652:30)
    at Object.Module._extensions..js (module.js:663:10)
    at Module.load (module.js:565:32)
    at tryModuleLoad (module.js:505:12)
    at Function.Module._load (module.js:497:3)
    at Function.Module.runMain (module.js:693:10)
    at startup (bootstrap_node.js:191:16)
    at bootstrap_node.js:612:3
error: Forever detected script exited with code: 1
error: Script restart attempt #9
module.js:549
    throw err;
    ^

Error: Cannot find module 'pm2'
    at Function.Module._resolveFilename (module.js:547:15)
    at Function.Module._load (module.js:474:25)
    at Module.require (module.js:596:17)
    at require (internal/module.js:11:18)
    at Object.<anonymous> (/app/bot.js:22:11)
    at Module._compile (module.js:652:30)
    at Object.Module._extensions..js (module.js:663:10)
    at Module.load (module.js:565:32)
    at tryModuleLoad (module.js:505:12)
    at Function.Module._load (module.js:497:3)
    at Function.Module.runMain (module.js:693:10)
    at startup (bootstrap_node.js:191:16)
    at bootstrap_node.js:612:3
error: Forever detected script exited with code: 1
error: Script restart attempt #10
module.js:549
    throw err;
    ^

Error: Cannot find module 'pm2'
    at Function.Module._resolveFilename (module.js:547:15)
    at Function.Module._load (module.js:474:25)
    at Module.require (module.js:596:17)
    at require (internal/module.js:11:18)
    at Object.<anonymous> (/app/bot.js:22:11)
    at Module._compile (module.js:652:30)
    at Object.Module._extensions..js (module.js:663:10)
    at Module.load (module.js:565:32)
    at tryModuleLoad (module.js:505:12)
    at Function.Module._load (module.js:497:3)
    at Function.Module.runMain (module.js:693:10)
    at startup (bootstrap_node.js:191:16)
    at bootstrap_node.js:612:3
error: Forever detected script exited with code: 1
error: Script restart attempt #11
module.js:549
    throw err;
    ^

Error: Cannot find module 'pm2'
    at Function.Module._resolveFilename (module.js:547:15)
    at Function.Module._load (module.js:474:25)
    at Module.require (module.js:596:17)
    at require (internal/module.js:11:18)
    at Object.<anonymous> (/app/bot.js:20:11)
    at Module._compile (module.js:652:30)
    at Object.Module._extensions..js (module.js:663:10)
    at Module.load (module.js:565:32)
    at tryModuleLoad (module.js:505:12)
    at Function.Module._load (module.js:497:3)
    at Function.Module.runMain (module.js:693:10)
    at startup (bootstrap_node.js:191:16)
    at bootstrap_node.js:612:3
error: Forever detected script exited with code: 1
error: Script restart attempt #12
module.js:549
    throw err;
    ^

Error: Cannot find module 'pm2'
    at Function.Module._resolveFilename (module.js:547:15)
    at Function.Module._load (module.js:474:25)
    at Module.require (module.js:596:17)
    at require (internal/module.js:11:18)
    at Object.<anonymous> (/app/bot.js:19:11)
    at Module._compile (module.js:652:30)
    at Object.Module._extensions..js (module.js:663:10)
    at Module.load (module.js:565:32)
    at tryModuleLoad (module.js:505:12)
    at Function.Module._load (module.js:497:3)
    at Function.Module.runMain (module.js:693:10)
    at startup (bootstrap_node.js:191:16)
    at bootstrap_node.js:612:3
error: Forever detected script exited with code: 1
error: Script restart attempt #13
module.js:549
    throw err;
    ^

Error: Cannot find module 'pm2'
    at Function.Module._resolveFilename (module.js:547:15)
    at Function.Module._load (module.js:474:25)
    at Module.require (module.js:596:17)
    at require (internal/module.js:11:18)
    at Object.<anonymous> (/app/bot.js:19:11)
    at Module._compile (module.js:652:30)
    at Object.Module._extensions..js (module.js:663:10)
    at Module.load (module.js:565:32)
    at tryModuleLoad (module.js:505:12)
    at Function.Module._load (module.js:497:3)
    at Function.Module.runMain (module.js:693:10)
    at startup (bootstrap_node.js:191:16)
    at bootstrap_node.js:612:3
error: Forever detected script exited with code: 1
error: Script restart attempt #14
module.js:549
    throw err;
    ^

Error: Cannot find module 'pm2'
    at Function.Module._resolveFilename (module.js:547:15)
    at Function.Module._load (module.js:474:25)
    at Module.require (module.js:596:17)
    at require (internal/module.js:11:18)
    at Object.<anonymous> (/app/bot.js:19:11)
    at Module._compile (module.js:652:30)
    at Object.Module._extensions..js (module.js:663:10)
    at Module.load (module.js:565:32)
    at tryModuleLoad (module.js:505:12)
    at Function.Module._load (module.js:497:3)
    at Function.Module.runMain (module.js:693:10)
    at startup (bootstrap_node.js:191:16)
    at bootstrap_node.js:612:3
error: Forever detected script exited with code: 1
error: Script restart attempt #15
module.js:549
    throw err;
    ^

Error: Cannot find module 'pm2'
    at Function.Module._resolveFilename (module.js:547:15)
    at Function.Module._load (module.js:474:25)
    at Module.require (module.js:596:17)
    at require (internal/module.js:11:18)
    at Object.<anonymous> (/app/bot.js:19:11)
    at Module._compile (module.js:652:30)
    at Object.Module._extensions..js (module.js:663:10)
    at Module.load (module.js:565:32)
    at tryModuleLoad (module.js:505:12)
    at Function.Module._load (module.js:497:3)
    at Function.Module.runMain (module.js:693:10)
    at startup (bootstrap_node.js:191:16)
    at bootstrap_node.js:612:3
error: Forever detected script exited with code: 1
error: Script restart attempt #16
module.js:549
    throw err;
    ^

Error: Cannot find module 'pm2'
    at Function.Module._resolveFilename (module.js:547:15)
    at Function.Module._load (module.js:474:25)
    at Module.require (module.js:596:17)
    at require (internal/module.js:11:18)
    at Object.<anonymous> (/app/bot.js:19:11)
    at Module._compile (module.js:652:30)
    at Object.Module._extensions..js (module.js:663:10)
    at Module.load (module.js:565:32)
    at tryModuleLoad (module.js:505:12)
    at Function.Module._load (module.js:497:3)
    at Function.Module.runMain (module.js:693:10)
    at startup (bootstrap_node.js:191:16)
    at bootstrap_node.js:612:3
error: Forever detected script exited with code: 1
error: Script restart attempt #17
module.js:549
    throw err;
    ^

Error: Cannot find module 'pm2'
    at Function.Module._resolveFilename (module.js:547:15)
    at Function.Module._load (module.js:474:25)
    at Module.require (module.js:596:17)
    at require (internal/module.js:11:18)
    at Object.<anonymous> (/app/bot.js:19:11)
    at Module._compile (module.js:652:30)
    at Object.Module._extensions..js (module.js:663:10)
    at Module.load (module.js:565:32)
    at tryModuleLoad (module.js:505:12)
    at Function.Module._load (module.js:497:3)
    at Function.Module.runMain (module.js:693:10)
    at startup (bootstrap_node.js:191:16)
    at bootstrap_node.js:612:3
error: Forever detected script exited with code: 1
error: Script restart attempt #18
module.js:549
    throw err;
    ^

Error: Cannot find module 'pm2'
    at Function.Module._resolveFilename (module.js:547:15)
    at Function.Module._load (module.js:474:25)
    at Module.require (module.js:596:17)
    at require (internal/module.js:11:18)
    at Object.<anonymous> (/app/bot.js:19:11)
    at Module._compile (module.js:652:30)
    at Object.Module._extensions..js (module.js:663:10)
    at Module.load (module.js:565:32)
    at tryModuleLoad (module.js:505:12)
    at Function.Module._load (module.js:497:3)
    at Function.Module.runMain (module.js:693:10)
    at startup (bootstrap_node.js:191:16)
    at bootstrap_node.js:612:3
error: Forever detected script exited with code: 1
error: Script restart attempt #19
module.js:549
    throw err;
    ^

Error: Cannot find module 'pm2'
    at Function.Module._resolveFilename (module.js:547:15)
    at Function.Module._load (module.js:474:25)
    at Module.require (module.js:596:17)
    at require (internal/module.js:11:18)
    at Object.<anonymous> (/app/bot.js:19:11)
    at Module._compile (module.js:652:30)
    at Object.Module._extensions..js (module.js:663:10)
    at Module.load (module.js:565:32)
    at tryModuleLoad (module.js:505:12)
    at Function.Module._load (module.js:497:3)
    at Function.Module.runMain (module.js:693:10)
    at startup (bootstrap_node.js:191:16)
    at bootstrap_node.js:612:3
error: Forever detected script exited with code: 1
error: Script restart attempt #20
module.js:549
    throw err;
    ^

Error: Cannot find module 'pm2'
    at Function.Module._resolveFilename (module.js:547:15)
    at Function.Module._load (module.js:474:25)
    at Module.require (module.js:596:17)
    at require (internal/module.js:11:18)
    at Object.<anonymous> (/app/bot.js:19:11)
    at Module._compile (module.js:652:30)
    at Object.Module._extensions..js (module.js:663:10)
    at Module.load (module.js:565:32)
    at tryModuleLoad (module.js:505:12)
    at Function.Module._load (module.js:497:3)
    at Function.Module.runMain (module.js:693:10)
    at startup (bootstrap_node.js:191:16)
    at bootstrap_node.js:612:3
error: Forever detected script exited with code: 1
error: Script restart attempt #21
module.js:549
    throw err;
    ^

Error: Cannot find module 'pm2'
    at Function.Module._resolveFilename (module.js:547:15)
    at Function.Module._load (module.js:474:25)
    at Module.require (module.js:596:17)
    at require (internal/module.js:11:18)
    at Object.<anonymous> (/app/bot.js:19:11)
    at Module._compile (module.js:652:30)
    at Object.Module._extensions..js (module.js:663:10)
    at Module.load (module.js:565:32)
    at tryModuleLoad (module.js:505:12)
    at Function.Module._load (module.js:497:3)
    at Function.Module.runMain (module.js:693:10)
    at startup (bootstrap_node.js:191:16)
    at bootstrap_node.js:612:3
error: Forever detected script exited with code: 1
error: Script restart attempt #22
module.js:549
    throw err;
    ^

Error: Cannot find module 'pm2'
    at Function.Module._resolveFilename (module.js:547:15)
    at Function.Module._load (module.js:474:25)
    at Module.require (module.js:596:17)
    at require (internal/module.js:11:18)
    at Object.<anonymous> (/app/bot.js:19:11)
    at Module._compile (module.js:652:30)
    at Object.Module._extensions..js (module.js:663:10)
    at Module.load (module.js:565:32)
    at tryModuleLoad (module.js:505:12)
    at Function.Module._load (module.js:497:3)
    at Function.Module.runMain (module.js:693:10)
    at startup (bootstrap_node.js:191:16)
    at bootstrap_node.js:612:3
error: Forever detected script exited with code: 1
error: Script restart attempt #23
module.js:549
    throw err;
    ^

Error: Cannot find module 'pm2'
    at Function.Module._resolveFilename (module.js:547:15)
    at Function.Module._load (module.js:474:25)
    at Module.require (module.js:596:17)
    at require (internal/module.js:11:18)
    at Object.<anonymous> (/app/bot.js:19:11)
    at Module._compile (module.js:652:30)
    at Object.Module._extensions..js (module.js:663:10)
    at Module.load (module.js:565:32)
    at tryModuleLoad (module.js:505:12)
    at Function.Module._load (module.js:497:3)
    at Function.Module.runMain (module.js:693:10)
    at startup (bootstrap_node.js:191:16)
    at bootstrap_node.js:612:3
error: Forever detected script exited with code: 1
error: Script restart attempt #24
module.js:549
    throw err;
    ^

Error: Cannot find module 'pm2'
    at Function.Module._resolveFilename (module.js:547:15)
    at Function.Module._load (module.js:474:25)
    at Module.require (module.js:596:17)
    at require (internal/module.js:11:18)
    at Object.<anonymous> (/app/bot.js:19:11)
    at Module._compile (module.js:652:30)
    at Object.Module._extensions..js (module.js:663:10)
    at Module.load (module.js:565:32)
    at tryModuleLoad (module.js:505:12)
    at Function.Module._load (module.js:497:3)
    at Function.Module.runMain (module.js:693:10)
    at startup (bootstrap_node.js:191:16)
    at bootstrap_node.js:612:3
error: Forever detected script exited with code: 1
error: Script restart attempt #25
module.js:549
    throw err;
    ^

Error: Cannot find module 'pm2'
    at Function.Module._resolveFilename (module.js:547:15)
    at Function.Module._load (module.js:474:25)
    at Module.require (module.js:596:17)
    at require (internal/module.js:11:18)
    at Object.<anonymous> (/app/bot.js:19:11)
    at Module._compile (module.js:652:30)
    at Object.Module._extensions..js (module.js:663:10)
    at Module.load (module.js:565:32)
    at tryModuleLoad (module.js:505:12)
    at Function.Module._load (module.js:497:3)
    at Function.Module.runMain (module.js:693:10)
    at startup (bootstrap_node.js:191:16)
    at bootstrap_node.js:612:3
error: Forever detected script exited with code: 1
error: Script restart attempt #26
module.js:549
    throw err;
    ^

Error: Cannot find module 'pm2'
    at Function.Module._resolveFilename (module.js:547:15)
    at Function.Module._load (module.js:474:25)
    at Module.require (module.js:596:17)
    at require (internal/module.js:11:18)
    at Object.<anonymous> (/app/bot.js:19:11)
    at Module._compile (module.js:652:30)
    at Object.Module._extensions..js (module.js:663:10)
    at Module.load (module.js:565:32)
    at tryModuleLoad (module.js:505:12)
    at Function.Module._load (module.js:497:3)
    at Function.Module.runMain (module.js:693:10)
    at startup (bootstrap_node.js:191:16)
    at bootstrap_node.js:612:3
error: Forever detected script exited with code: 1
error: Script restart attempt #27
module.js:549
    throw err;
    ^

Error: Cannot find module 'pm2'
    at Function.Module._resolveFilename (module.js:547:15)
    at Function.Module._load (module.js:474:25)
    at Module.require (module.js:596:17)
    at require (internal/module.js:11:18)
    at Object.<anonymous> (/app/bot.js:19:11)
    at Module._compile (module.js:652:30)
    at Object.Module._extensions..js (module.js:663:10)
    at Module.load (module.js:565:32)
    at tryModuleLoad (module.js:505:12)
    at Function.Module._load (module.js:497:3)
    at Function.Module.runMain (module.js:693:10)
    at startup (bootstrap_node.js:191:16)
    at bootstrap_node.js:612:3
error: Forever detected script exited with code: 1
error: Script restart attempt #28
module.js:549
    throw err;
    ^

Error: Cannot find module 'pm2'
    at Function.Module._resolveFilename (module.js:547:15)
    at Function.Module._load (module.js:474:25)
    at Module.require (module.js:596:17)
    at require (internal/module.js:11:18)
    at Object.<anonymous> (/app/bot.js:19:11)
    at Module._compile (module.js:652:30)
    at Object.Module._extensions..js (module.js:663:10)
    at Module.load (module.js:565:32)
    at tryModuleLoad (module.js:505:12)
    at Function.Module._load (module.js:497:3)
    at Function.Module.runMain (module.js:693:10)
    at startup (bootstrap_node.js:191:16)
    at bootstrap_node.js:612:3
error: Forever detected script exited with code: 1
error: Script restart attempt #29
module.js:549
    throw err;
    ^

Error: Cannot find module 'pm2'
    at Function.Module._resolveFilename (module.js:547:15)
    at Function.Module._load (module.js:474:25)
    at Module.require (module.js:596:17)
    at require (internal/module.js:11:18)
    at Object.<anonymous> (/app/bot.js:19:11)
    at Module._compile (module.js:652:30)
    at Object.Module._extensions..js (module.js:663:10)
    at Module.load (module.js:565:32)
    at tryModuleLoad (module.js:505:12)
    at Function.Module._load (module.js:497:3)
    at Function.Module.runMain (module.js:693:10)
    at startup (bootstrap_node.js:191:16)
    at bootstrap_node.js:612:3
error: Forever detected script exited with code: 1
error: Script restart attempt #30
module.js:549
    throw err;
    ^

Error: Cannot find module 'pm2'
    at Function.Module._resolveFilename (module.js:547:15)
    at Function.Module._load (module.js:474:25)
    at Module.require (module.js:596:17)
    at require (internal/module.js:11:18)
    at Object.<anonymous> (/app/bot.js:19:11)
    at Module._compile (module.js:652:30)
    at Object.Module._extensions..js (module.js:663:10)
    at Module.load (module.js:565:32)
    at tryModuleLoad (module.js:505:12)
    at Function.Module._load (module.js:497:3)
    at Function.Module.runMain (module.js:693:10)
    at startup (bootstrap_node.js:191:16)
    at bootstrap_node.js:612:3
error: Forever detected script exited with code: 1
error: Script restart attempt #31
module.js:549
    throw err;
    ^

Error: Cannot find module 'pm2'
    at Function.Module._resolveFilename (module.js:547:15)
    at Function.Module._load (module.js:474:25)
    at Module.require (module.js:596:17)
    at require (internal/module.js:11:18)
    at Object.<anonymous> (/app/bot.js:19:11)
    at Module._compile (module.js:652:30)
    at Object.Module._extensions..js (module.js:663:10)
    at Module.load (module.js:565:32)
    at tryModuleLoad (module.js:505:12)
    at Function.Module._load (module.js:497:3)
    at Function.Module.runMain (module.js:693:10)
    at startup (bootstrap_node.js:191:16)
    at bootstrap_node.js:612:3
error: Forever detected script exited with code: 1
error: Script restart attempt #32
<span style="color: red"> THIS IS BLUE, TRUST ME</span>
events.js:183
      throw er; // Unhandled 'error' event
      ^

Error: listen EADDRINUSE :::3000
    at Object._errnoException (util.js:992:11)
    at _exceptionWithHostPort (util.js:1014:20)
    at Server.setupListenHandle [as _listen2] (net.js:1355:14)
    at listenInCluster (net.js:1396:12)
    at Server.listen (net.js:1480:7)
    at Function.listen (/rbd/pnpm-volume/f5af9d3a-ffd0-418f-aa32-b1c33f42f24a/node_modules/.registry.npmjs.org/express/4.16.3/node_modules/express/lib/application.js:618:24)
    at Object.<anonymous> (/app/bot.js:45:5)
    at Module._compile (module.js:652:30)
    at Object.Module._extensions..js (module.js:663:10)
    at Module.load (module.js:565:32)
    at tryModuleLoad (module.js:505:12)
    at Function.Module._load (module.js:497:3)
    at Function.Module.runMain (module.js:693:10)
    at startup (bootstrap_node.js:191:16)
    at bootstrap_node.js:612:3
error: Forever detected script exited with code: 1
error: Script restart attempt #33
<span style="color: red"> THIS IS BLUE, TRUST ME</span>
events.js:183
      throw er; // Unhandled 'error' event
      ^

Error: listen EADDRINUSE :::3000
    at Object._errnoException (util.js:992:11)
    at _exceptionWithHostPort (util.js:1014:20)
    at Server.setupListenHandle [as _listen2] (net.js:1355:14)
    at listenInCluster (net.js:1396:12)
    at Server.listen (net.js:1480:7)
    at Function.listen (/rbd/pnpm-volume/f5af9d3a-ffd0-418f-aa32-b1c33f42f24a/node_modules/.registry.npmjs.org/express/4.16.3/node_modules/express/lib/application.js:618:24)
    at Object.<anonymous> (/app/bot.js:45:5)
    at Module._compile (module.js:652:30)
    at Object.Module._extensions..js (module.js:663:10)
    at Module.load (module.js:565:32)
    at tryModuleLoad (module.js:505:12)
    at Function.Module._load (module.js:497:3)
    at Function.Module.runMain (module.js:693:10)
    at startup (bootstrap_node.js:191:16)
    at bootstrap_node.js:612:3
error: Forever detected script exited with code: 1
error: Script restart attempt #34
<span style="color: red"> THIS IS BLUE, TRUST ME</span>
events.js:183
      throw er; // Unhandled 'error' event
      ^

Error: listen EADDRINUSE :::3000
    at Object._errnoException (util.js:992:11)
    at _exceptionWithHostPort (util.js:1014:20)
    at Server.setupListenHandle [as _listen2] (net.js:1355:14)
    at listenInCluster (net.js:1396:12)
    at Server.listen (net.js:1480:7)
    at Function.listen (/rbd/pnpm-volume/f5af9d3a-ffd0-418f-aa32-b1c33f42f24a/node_modules/.registry.npmjs.org/express/4.16.3/node_modules/express/lib/application.js:618:24)
    at Object.<anonymous> (/app/bot.js:45:5)
    at Module._compile (module.js:652:30)
    at Object.Module._extensions..js (module.js:663:10)
    at Module.load (module.js:565:32)
    at tryModuleLoad (module.js:505:12)
    at Function.Module._load (module.js:497:3)
    at Function.Module.runMain (module.js:693:10)
    at startup (bootstrap_node.js:191:16)
    at bootstrap_node.js:612:3
error: Forever detected script exited with code: 1
error: Script restart attempt #35
<span style="color: red"> THIS IS BLUE, TRUST ME</span>
events.js:183
      throw er; // Unhandled 'error' event
      ^

Error: listen EADDRINUSE :::3000
    at Object._errnoException (util.js:992:11)
    at _exceptionWithHostPort (util.js:1014:20)
    at Server.setupListenHandle [as _listen2] (net.js:1355:14)
    at listenInCluster (net.js:1396:12)
    at Server.listen (net.js:1480:7)
    at Function.listen (/rbd/pnpm-volume/f5af9d3a-ffd0-418f-aa32-b1c33f42f24a/node_modules/.registry.npmjs.org/express/4.16.3/node_modules/express/lib/application.js:618:24)
    at Object.<anonymous> (/app/bot.js:45:5)
    at Module._compile (module.js:652:30)
    at Object.Module._extensions..js (module.js:663:10)
    at Module.load (module.js:565:32)
    at tryModuleLoad (module.js:505:12)
    at Function.Module._load (module.js:497:3)
    at Function.Module.runMain (module.js:693:10)
    at startup (bootstrap_node.js:191:16)
    at bootstrap_node.js:612:3
error: Forever detected script exited with code: 1
error: Script restart attempt #36
<span style="color: red"> THIS IS BLUE, TRUST ME</span>
events.js:183
      throw er; // Unhandled 'error' event
      ^

Error: listen EADDRINUSE :::3000
    at Object._errnoException (util.js:992:11)
    at _exceptionWithHostPort (util.js:1014:20)
    at Server.setupListenHandle [as _listen2] (net.js:1355:14)
    at listenInCluster (net.js:1396:12)
    at Server.listen (net.js:1480:7)
    at Function.listen (/rbd/pnpm-volume/f5af9d3a-ffd0-418f-aa32-b1c33f42f24a/node_modules/.registry.npmjs.org/express/4.16.3/node_modules/express/lib/application.js:618:24)
    at Object.<anonymous> (/app/bot.js:45:5)
    at Module._compile (module.js:652:30)
    at Object.Module._extensions..js (module.js:663:10)
    at Module.load (module.js:565:32)
    at tryModuleLoad (module.js:505:12)
    at Function.Module._load (module.js:497:3)
    at Function.Module.runMain (module.js:693:10)
    at startup (bootstrap_node.js:191:16)
    at bootstrap_node.js:612:3
error: Forever detected script exited with code: 1
error: Script restart attempt #37
<span style="color: red"> THIS IS BLUE, TRUST ME</span>
events.js:183
      throw er; // Unhandled 'error' event
      ^

Error: listen EADDRINUSE :::3000
    at Object._errnoException (util.js:992:11)
    at _exceptionWithHostPort (util.js:1014:20)
    at Server.setupListenHandle [as _listen2] (net.js:1355:14)
    at listenInCluster (net.js:1396:12)
    at Server.listen (net.js:1480:7)
    at Function.listen (/rbd/pnpm-volume/f5af9d3a-ffd0-418f-aa32-b1c33f42f24a/node_modules/.registry.npmjs.org/express/4.16.3/node_modules/express/lib/application.js:618:24)
    at Object.<anonymous> (/app/bot.js:45:5)
    at Module._compile (module.js:652:30)
    at Object.Module._extensions..js (module.js:663:10)
    at Module.load (module.js:565:32)
    at tryModuleLoad (module.js:505:12)
    at Function.Module._load (module.js:497:3)
    at Function.Module.runMain (module.js:693:10)
    at startup (bootstrap_node.js:191:16)
    at bootstrap_node.js:612:3
error: Forever detected script exited with code: 1
error: Script restart attempt #38
<span style="color: red"> THIS IS BLUE, TRUST ME</span>
events.js:183
      throw er; // Unhandled 'error' event
      ^

Error: listen EADDRINUSE :::3000
    at Object._errnoException (util.js:992:11)
    at _exceptionWithHostPort (util.js:1014:20)
    at Server.setupListenHandle [as _listen2] (net.js:1355:14)
    at listenInCluster (net.js:1396:12)
    at Server.listen (net.js:1480:7)
    at Function.listen (/rbd/pnpm-volume/f5af9d3a-ffd0-418f-aa32-b1c33f42f24a/node_modules/.registry.npmjs.org/express/4.16.3/node_modules/express/lib/application.js:618:24)
    at Object.<anonymous> (/app/bot.js:45:5)
    at Module._compile (module.js:652:30)
    at Object.Module._extensions..js (module.js:663:10)
    at Module.load (module.js:565:32)
    at tryModuleLoad (module.js:505:12)
    at Function.Module._load (module.js:497:3)
    at Function.Module.runMain (module.js:693:10)
    at startup (bootstrap_node.js:191:16)
    at bootstrap_node.js:612:3
error: Forever detected script exited with code: 1
error: Script restart attempt #39
<span style="color: red"> THIS IS BLUE, TRUST ME</span>
📡 Connected
🔑 Logged in as: fossilbot - (387963766798811136)
📱 Presence set
🖼️ Getme request for https://www.google.com/search?tbm=isch&q=joe+crackower&safe=images
{ ResponseError: Could not add role
    at handleResCB (/rbd/pnpm-volume/f5af9d3a-ffd0-418f-aa32-b1c33f42f24a/node_modules/.github.com/woor/discord.io/a4b67182f493804d205d1cd5768a7d97f8f5996c/node_modules/discord.io/lib/index.js:1403:10)
    at /rbd/pnpm-volume/f5af9d3a-ffd0-418f-aa32-b1c33f42f24a/node_modules/.github.com/woor/discord.io/a4b67182f493804d205d1cd5768a7d97f8f5996c/node_modules/discord.io/lib/index.js:1178:3
    at /rbd/pnpm-volume/f5af9d3a-ffd0-418f-aa32-b1c33f42f24a/node_modules/.github.com/woor/discord.io/a4b67182f493804d205d1cd5768a7d97f8f5996c/node_modules/discord.io/lib/index.js:1489:13
    at Gunzip.onError (zlib.js:116:5)
    at emitOne (events.js:116:13)
    at Gunzip.emit (events.js:211:7)
    at Gunzip.zlibOnError (zlib.js:156:8)
  name: 'ResponseError',
  statusCode: 429,
  statusMessage: 'TOO MANY REQUESTS',
  response: 
   { global: false,
     message: 'You are being rate limited.',
     retry_after: 7986 } }
{ ResponseError: Could not add role
    at handleResCB (/rbd/pnpm-volume/f5af9d3a-ffd0-418f-aa32-b1c33f42f24a/node_modules/.github.com/woor/discord.io/a4b67182f493804d205d1cd5768a7d97f8f5996c/node_modules/discord.io/lib/index.js:1403:10)
    at /rbd/pnpm-volume/f5af9d3a-ffd0-418f-aa32-b1c33f42f24a/node_modules/.github.com/woor/discord.io/a4b67182f493804d205d1cd5768a7d97f8f5996c/node_modules/discord.io/lib/index.js:1178:3
    at /rbd/pnpm-volume/f5af9d3a-ffd0-418f-aa32-b1c33f42f24a/node_modules/.github.com/woor/discord.io/a4b67182f493804d205d1cd5768a7d97f8f5996c/node_modules/discord.io/lib/index.js:1489:13
    at Gunzip.onError (zlib.js:116:5)
    at emitOne (events.js:116:13)
    at Gunzip.emit (events.js:211:7)
    at Gunzip.zlibOnError (zlib.js:156:8)
  name: 'ResponseError',
  statusCode: 429,
  statusMessage: 'TOO MANY REQUESTS',
  response: 
   { global: false,
     message: 'You are being rate limited.',
     retry_after: 7983 } }
{ ResponseError: Could not add role
    at handleResCB (/rbd/pnpm-volume/f5af9d3a-ffd0-418f-aa32-b1c33f42f24a/node_modules/.github.com/woor/discord.io/a4b67182f493804d205d1cd5768a7d97f8f5996c/node_modules/discord.io/lib/index.js:1403:10)
    at /rbd/pnpm-volume/f5af9d3a-ffd0-418f-aa32-b1c33f42f24a/node_modules/.github.com/woor/discord.io/a4b67182f493804d205d1cd5768a7d97f8f5996c/node_modules/discord.io/lib/index.js:1178:3
    at /rbd/pnpm-volume/f5af9d3a-ffd0-418f-aa32-b1c33f42f24a/node_modules/.github.com/woor/discord.io/a4b67182f493804d205d1cd5768a7d97f8f5996c/node_modules/discord.io/lib/index.js:1489:13
    at Gunzip.onError (zlib.js:116:5)
    at emitOne (events.js:116:13)
    at Gunzip.emit (events.js:211:7)
    at Gunzip.zlibOnError (zlib.js:156:8)
  name: 'ResponseError',
  statusCode: 429,
  statusMessage: 'TOO MANY REQUESTS',
  response: 
   { global: false,
     message: 'You are being rate limited.',
     retry_after: 7011 } }
🖼️ Getme request for https://www.google.com/search?tbm=isch&q=pie&safe=images
{ ResponseError: Could not add role
    at handleResCB (/rbd/pnpm-volume/f5af9d3a-ffd0-418f-aa32-b1c33f42f24a/node_modules/.github.com/woor/discord.io/a4b67182f493804d205d1cd5768a7d97f8f5996c/node_modules/discord.io/lib/index.js:1403:10)
    at /rbd/pnpm-volume/f5af9d3a-ffd0-418f-aa32-b1c33f42f24a/node_modules/.github.com/woor/discord.io/a4b67182f493804d205d1cd5768a7d97f8f5996c/node_modules/discord.io/lib/index.js:1178:3
    at /rbd/pnpm-volume/f5af9d3a-ffd0-418f-aa32-b1c33f42f24a/node_modules/.github.com/woor/discord.io/a4b67182f493804d205d1cd5768a7d97f8f5996c/node_modules/discord.io/lib/index.js:1489:13
    at Gunzip.onError (zlib.js:116:5)
    at emitOne (events.js:116:13)
    at Gunzip.emit (events.js:211:7)
    at Gunzip.zlibOnError (zlib.js:156:8)
  name: 'ResponseError',
  statusCode: 429,
  statusMessage: 'TOO MANY REQUESTS',
  response: 
   { global: false,
     message: 'You are being rate limited.',
     retry_after: 2999 } }
{ ResponseError: Could not add role
    at handleResCB (/rbd/pnpm-volume/f5af9d3a-ffd0-418f-aa32-b1c33f42f24a/node_modules/.github.com/woor/discord.io/a4b67182f493804d205d1cd5768a7d97f8f5996c/node_modules/discord.io/lib/index.js:1403:10)
    at /rbd/pnpm-volume/f5af9d3a-ffd0-418f-aa32-b1c33f42f24a/node_modules/.github.com/woor/discord.io/a4b67182f493804d205d1cd5768a7d97f8f5996c/node_modules/discord.io/lib/index.js:1178:3
    at /rbd/pnpm-volume/f5af9d3a-ffd0-418f-aa32-b1c33f42f24a/node_modules/.github.com/woor/discord.io/a4b67182f493804d205d1cd5768a7d97f8f5996c/node_modules/discord.io/lib/index.js:1489:13
    at Gunzip.onError (zlib.js:116:5)
    at emitOne (events.js:116:13)
    at Gunzip.emit (events.js:211:7)
    at Gunzip.zlibOnError (zlib.js:156:8)
  name: 'ResponseError',
  statusCode: 429,
  statusMessage: 'TOO MANY REQUESTS',
  response: 
   { global: false,
     message: 'You are being rate limited.',
     retry_after: 1935 } }
{ ResponseError: Could not add role
    at handleResCB (/rbd/pnpm-volume/f5af9d3a-ffd0-418f-aa32-b1c33f42f24a/node_modules/.github.com/woor/discord.io/a4b67182f493804d205d1cd5768a7d97f8f5996c/node_modules/discord.io/lib/index.js:1403:10)
    at /rbd/pnpm-volume/f5af9d3a-ffd0-418f-aa32-b1c33f42f24a/node_modules/.github.com/woor/discord.io/a4b67182f493804d205d1cd5768a7d97f8f5996c/node_modules/discord.io/lib/index.js:1178:3
    at /rbd/pnpm-volume/f5af9d3a-ffd0-418f-aa32-b1c33f42f24a/node_modules/.github.com/woor/discord.io/a4b67182f493804d205d1cd5768a7d97f8f5996c/node_modules/discord.io/lib/index.js:1489:13
    at Gunzip.onError (zlib.js:116:5)
    at emitOne (events.js:116:13)
    at Gunzip.emit (events.js:211:7)
    at Gunzip.zlibOnError (zlib.js:156:8)
  name: 'ResponseError',
  statusCode: 429,
  statusMessage: 'TOO MANY REQUESTS',
  response: 
   { global: false,
     message: 'You are being rate limited.',
     retry_after: 1930 } }
{ ResponseError: Could not add role
    at handleResCB (/rbd/pnpm-volume/f5af9d3a-ffd0-418f-aa32-b1c33f42f24a/node_modules/.github.com/woor/discord.io/a4b67182f493804d205d1cd5768a7d97f8f5996c/node_modules/discord.io/lib/index.js:1403:10)
    at /rbd/pnpm-volume/f5af9d3a-ffd0-418f-aa32-b1c33f42f24a/node_modules/.github.com/woor/discord.io/a4b67182f493804d205d1cd5768a7d97f8f5996c/node_modules/discord.io/lib/index.js:1178:3
    at /rbd/pnpm-volume/f5af9d3a-ffd0-418f-aa32-b1c33f42f24a/node_modules/.github.com/woor/discord.io/a4b67182f493804d205d1cd5768a7d97f8f5996c/node_modules/discord.io/lib/index.js:1489:13
    at Gunzip.onError (zlib.js:116:5)
    at emitOne (events.js:116:13)
    at Gunzip.emit (events.js:211:7)
    at Gunzip.zlibOnError (zlib.js:156:8)
  name: 'ResponseError',
  statusCode: 429,
  statusMessage: 'TOO MANY REQUESTS',
  response: 
   { global: false,
     message: 'You are being rate limited.',
     retry_after: 1913 } }
{ ResponseError: Could not add role
    at handleResCB (/rbd/pnpm-volume/f5af9d3a-ffd0-418f-aa32-b1c33f42f24a/node_modules/.github.com/woor/discord.io/a4b67182f493804d205d1cd5768a7d97f8f5996c/node_modules/discord.io/lib/index.js:1403:10)
    at /rbd/pnpm-volume/f5af9d3a-ffd0-418f-aa32-b1c33f42f24a/node_modules/.github.com/woor/discord.io/a4b67182f493804d205d1cd5768a7d97f8f5996c/node_modules/discord.io/lib/index.js:1178:3
    at /rbd/pnpm-volume/f5af9d3a-ffd0-418f-aa32-b1c33f42f24a/node_modules/.github.com/woor/discord.io/a4b67182f493804d205d1cd5768a7d97f8f5996c/node_modules/discord.io/lib/index.js:1489:13
    at Gunzip.onError (zlib.js:116:5)
    at emitOne (events.js:116:13)
    at Gunzip.emit (events.js:211:7)
    at Gunzip.zlibOnError (zlib.js:156:8)
  name: 'ResponseError',
  statusCode: 429,
  statusMessage: 'TOO MANY REQUESTS',
  response: 
   { global: false,
     message: 'You are being rate limited.',
     retry_after: 1914 } }
⚠️ Bot disconnected from Discord with code4003for reason:Not Authenticated
⚠️ Bot disconnected from Discord with code4004for reason:Authentication Failed
⚠️ Bot disconnected from Discord with code4004for reason:Authentication Failed
⚠️ Bot disconnected from Discord with code4004for reason:Authentication Failed
⚠️ Bot disconnected from Discord with code4004for reason:Authentication Failed
⚠️ Bot disconnected from Discord with code4004for reason:Authentication Failed
⚠️ Bot disconnected from Discord with code4004for reason:Authentication Failed
⚠️ Bot disconnected from Discord with code4004for reason:Authentication Failed
⚠️ Bot disconnected from Discord with code4004for reason:Authentication Failed
⚠️ Bot disconnected from Discord with code4004for reason:Authentication Failed
⚠️ Bot disconnected from Discord with code4004for reason:Authentication Failed
⚠️ Bot disconnected from Discord with code4004for reason:Authentication Failed
⚠️ Bot disconnected from Discord with code4004for reason:Authentication Failed
⚠️ Bot disconnected from Discord with code4004for reason:Authentication Failed
⚠️ Bot disconnected from Discord with code4004for reason:Authentication Failed
⚠️ Bot disconnected from Discord with code4004for reason:Authentication Failed
⚠️ Bot disconnected from Discord with code4004for reason:Authentication Failed
⚠️ Bot disconnected from Discord with code4004for reason:Authentication Failed
⚠️ Bot disconnected from Discord with code4004for reason:Authentication Failed
⚠️ Bot disconnected from Discord with code4004for reason:Authentication Failed
⚠️ Bot disconnected from Discord with code4004for reason:Authentication Failed
⚠️ Bot disconnected from Discord with code4004for reason:Authentication Failed
⚠️ Bot disconnected from Discord with code4004for reason:Authentication Failed
⚠️ Bot disconnected from Discord with code4004for reason:Authentication Failed
⚠️ Bot disconnected from Discord with code4004for reason:Authentication Failed
⚠️ Bot disconnected from Discord with code4004for reason:Authentication Failed
⚠️ Bot disconnected from Discord with code4004for reason:Authentication Failed
⚠️ Bot disconnected from Discord with code4004for reason:Authentication Failed
⚠️ Bot disconnected from Discord with code4004for reason:Authentication Failed
⚠️ Bot disconnected from Discord with code4004for reason:Authentication Failed
⚠️ Bot disconnected from Discord with code4004for reason:Authentication Failed
⚠️ Bot disconnected from Discord with code4004for reason:Authentication Failed
⚠️ Bot disconnected from Discord with code4004for reason:Authentication Failed
⚠️ Bot disconnected from Discord with code4004for reason:Authentication Failed
⚠️ Bot disconnected from Discord with code4004for reason:Authentication Failed
⚠️ Bot disconnected from Discord with code4004for reason:Authentication Failed
⚠️ Bot disconnected from Discord with code4004for reason:Authentication Failed
⚠️ Bot disconnected from Discord with code4004for reason:Authentication Failed
⚠️ Bot disconnected from Discord with code4004for reason:Authentication Failed
⚠️ Bot disconnected from Discord with code4004for reason:Authentication Failed
⚠️ Bot disconnected from Discord with code4004for reason:Authentication Failed
⚠️ Bot disconnected from Discord with code4004for reason:Authentication Failed
⚠️ Bot disconnected from Discord with code4004for reason:Authentication Failed
⚠️ Bot disconnected from Discord with code4004for reason:Authentication Failed
⚠️ Bot disconnected from Discord with code4004for reason:Authentication Failed
⚠️ Bot disconnected from Discord with code4004for reason:Authentication Failed
⚠️ Bot disconnected from Discord with code4004for reason:Authentication Failed
⚠️ Bot disconnected from Discord with code4004for reason:Authentication Failed
⚠️ Bot disconnected from Discord with code4004for reason:Authentication Failed
⚠️ Bot disconnected from Discord with code4004for reason:Authentication Failed
⚠️ Bot disconnected from Discord with code4004for reason:Authentication Failed
⚠️ Bot disconnected from Discord with code4004for reason:Authentication Failed
⚠️ Bot disconnected from Discord with code4004for reason:Authentication Failed
⚠️ Bot disconnected from Discord with code4004for reason:Authentication Failed
⚠️ Bot disconnected from Discord with code4004for reason:Authentication Failed
⚠️ Bot disconnected from Discord with code4004for reason:Authentication Failed
⚠️ Bot disconnected from Discord with code4004for reason:Authentication Failed
⚠️ Bot disconnected from Discord with code4004for reason:Authentication Failed
⚠️ Bot disconnected from Discord with code4004for reason:Authentication Failed
⚠️ Bot disconnected from Discord with code4004for reason:Authentication Failed
⚠️ Bot disconnected from Discord with code4004for reason:Authentication Failed
⚠️ Bot disconnected from Discord with code4004for reason:Authentication Failed
⚠️ Bot disconnected from Discord with code4004for reason:Authentication Failed
⚠️ Bot disconnected from Discord with code4004for reason:Authentication Failed
⚠️ Bot disconnected from Discord with code4004for reason:Authentication Failed
⚠️ Bot disconnected from Discord with code4004for reason:Authentication Failed
⚠️ Bot disconnected from Discord with code4004for reason:Authentication Failed
⚠️ Bot disconnected from Discord with code4004for reason:Authentication Failed
⚠️ Bot disconnected from Discord with code4004for reason:Authentication Failed
⚠️ Bot disconnected from Discord with code4004for reason:Authentication Failed
⚠️ Bot disconnected from Discord with code4004for reason:Authentication Failed
⚠️ Bot disconnected from Discord with code4004for reason:Authentication Failed
⚠️ Bot disconnected from Discord with code4004for reason:Authentication Failed
⚠️ Bot disconnected from Discord with code4004for reason:Authentication Failed
⚠️ Bot disconnected from Discord with code4004for reason:Authentication Failed
⚠️ Bot disconnected from Discord with code4004for reason:Authentication Failed
⚠️ Bot disconnected from Discord with code4004for reason:Authentication Failed
⚠️ Bot disconnected from Discord with code4004for reason:Authentication Failed
⚠️ Bot disconnected from Discord with code4004for reason:Authentication Failed
⚠️ Bot disconnected from Discord with code4004for reason:Authentication Failed
⚠️ Bot disconnected from Discord with code4004for reason:Authentication Failed
⚠️ Bot disconnected from Discord with code4004for reason:Authentication Failed
⚠️ Bot disconnected from Discord with code4004for reason:Authentication Failed
⚠️ Bot disconnected from Discord with code4004for reason:Authentication Failed
⚠️ Bot disconnected from Discord with code4004for reason:Authentication Failed
⚠️ Bot disconnected from Discord with code4004for reason:Authentication Failed
⚠️ Bot disconnected from Discord with code4004for reason:Authentication Failed
⚠️ Bot disconnected from Discord with code4004for reason:Authentication Failed
⚠️ Bot disconnected from Discord with code4004for reason:Authentication Failed
⚠️ Bot disconnected from Discord with code4004for reason:Authentication Failed
⚠️ Bot disconnected from Discord with code4004for reason:Authentication Failed
⚠️ Bot disconnected from Discord with code4004for reason:Authentication Failed
⚠️ Bot disconnected from Discord with code4004for reason:Authentication Failed
⚠️ Bot disconnected from Discord with code4004for reason:Authentication Failed
⚠️ Bot disconnected from Discord with code4004for reason:Authentication Failed
⚠️ Bot disconnected from Discord with code4004for reason:Authentication Failed
⚠️ Bot disconnected from Discord with code4004for reason:Authentication Failed
⚠️ Bot disconnected from Discord with code4004for reason:Authentication Failed
⚠️ Bot disconnected from Discord with code4004for reason:Authentication Failed
⚠️ Bot disconnected from Discord with code4004for reason:Authentication Failed
⚠️ Bot disconnected from Discord with code4004for reason:Authentication Failed
⚠️ Bot disconnected from Discord with code4004for reason:Authentication Failed
⚠️ Bot disconnected from Discord with code4004for reason:Authentication Failed
⚠️ Bot disconnected from Discord with code4004for reason:Authentication Failed
⚠️ Bot disconnected from Discord with code4004for reason:Authentication Failed
⚠️ Bot disconnected from Discord with code4004for reason:Authentication Failed
⚠️ Bot disconnected from Discord with code4004for reason:Authentication Failed
⚠️ Bot disconnected from Discord with code4004for reason:Authentication Failed
⚠️ Bot disconnected from Discord with code4004for reason:Authentication Failed
⚠️ Bot disconnected from Discord with code4004for reason:Authentication Failed
⚠️ Bot disconnected from Discord with code4004for reason:Authentication Failed
⚠️ Bot disconnected from Discord with code4004for reason:Authentication Failed
⚠️ Bot disconnected from Discord with code4004for reason:Authentication Failed
⚠️ Bot disconnected from Discord with code4004for reason:Authentication Failed
⚠️ Bot disconnected from Discord with code4004for reason:Authentication Failed
⚠️ Bot disconnected from Discord with code4004for reason:Authentication Failed
⚠️ Bot disconnected from Discord with code4004for reason:Authentication Failed
⚠️ Bot disconnected from Discord with code4004for reason:Authentication Failed
⚠️ Bot disconnected from Discord with code4004for reason:Authentication Failed
⚠️ Bot disconnected from Discord with code4004for reason:Authentication Failed
⚠️ Bot disconnected from Discord with code4004for reason:Authentication Failed
⚠️ Bot disconnected from Discord with code4004for reason:Authentication Failed
⚠️ Bot disconnected from Discord with code4004for reason:Authentication Failed
⚠️ Bot disconnected from Discord with code4004for reason:Authentication Failed
⚠️ Bot disconnected from Discord with code4004for reason:Authentication Failed
⚠️ Bot disconnected from Discord with code4004for reason:Authentication Failed
⚠️ Bot disconnected from Discord with code4004for reason:Authentication Failed
⚠️ Bot disconnected from Discord with code4004for reason:Authentication Failed
⚠️ Bot disconnected from Discord with code4004for reason:Authentication Failed
⚠️ Bot disconnected from Discord with code4004for reason:Authentication Failed
⚠️ Bot disconnected from Discord with code4004for reason:Authentication Failed
⚠️ Bot disconnected from Discord with code4004for reason:Authentication Failed
⚠️ Bot disconnected from Discord with code4004for reason:Authentication Failed
⚠️ Bot disconnected from Discord with code4004for reason:Authentication Failed
⚠️ Bot disconnected from Discord with code4004for reason:Authentication Failed
⚠️ Bot disconnected from Discord with code4004for reason:Authentication Failed
⚠️ Bot disconnected from Discord with code4004for reason:Authentication Failed
⚠️ Bot disconnected from Discord with code4004for reason:Authentication Failed
⚠️ Bot disconnected from Discord with code4004for reason:Authentication Failed
⚠️ Bot disconnected from Discord with code4004for reason:Authentication Failed
⚠️ Bot disconnected from Discord with code4004for reason:Authentication Failed
⚠️ Bot disconnected from Discord with code4004for reason:Authentication Failed
⚠️ Bot disconnected from Discord with code4004for reason:Authentication Failed
⚠️ Bot disconnected from Discord with code4004for reason:Authentication Failed
⚠️ Bot disconnected from Discord with code4004for reason:Authentication Failed
⚠️ Bot disconnected from Discord with code4004for reason:Authentication Failed
⚠️ Bot disconnected from Discord with code4004for reason:Authentication Failed
⚠️ Bot disconnected from Discord with code4004for reason:Authentication Failed
⚠️ Bot disconnected from Discord with code4004for reason:Authentication Failed
⚠️ Bot disconnected from Discord with code4004for reason:Authentication Failed
⚠️ Bot disconnected from Discord with code4004for reason:Authentication Failed
⚠️ Bot disconnected from Discord with code4004for reason:Authentication Failed
⚠️ Bot disconnected from Discord with code4004for reason:Authentication Failed
⚠️ Bot disconnected from Discord with code4004for reason:Authentication Failed
⚠️ Bot disconnected from Discord with code4004for reason:Authentication Failed
⚠️ Bot disconnected from Discord with code4004for reason:Authentication Failed
⚠️ Bot disconnected from Discord with code4004for reason:Authentication Failed
⚠️ Bot disconnected from Discord with code4004for reason:Authentication Failed
⚠️ Bot disconnected from Discord with code4004for reason:Authentication Failed
⚠️ Bot disconnected from Discord with code4004for reason:Authentication Failed
⚠️ Bot disconnected from Discord with code4004for reason:Authentication Failed
⚠️ Bot disconnected from Discord with code4004for reason:Authentication Failed
⚠️ Bot disconnected from Discord with code4004for reason:Authentication Failed
⚠️ Bot disconnected from Discord with code4004for reason:Authentication Failed
⚠️ Bot disconnected from Discord with code4004for reason:Authentication Failed
⚠️ Bot disconnected from Discord with code4004for reason:Authentication Failed
⚠️ Bot disconnected from Discord with code4004for reason:Authentication Failed
⚠️ Bot disconnected from Discord with code4004for reason:Authentication Failed
⚠️ Bot disconnected from Discord with code4004for reason:Authentication Failed
⚠️ Bot disconnected from Discord with code4004for reason:Authentication Failed
⚠️ Bot disconnected from Discord with code4004for reason:Authentication Failed
⚠️ Bot disconnected from Discord with code4004for reason:Authentication Failed
⚠️ Bot disconnected from Discord with code4004for reason:Authentication Failed
⚠️ Bot disconnected from Discord with code4004for reason:Authentication Failed
⚠️ Bot disconnected from Discord with code4004for reason:Authentication Failed
⚠️ Bot disconnected from Discord with code4004for reason:Authentication Failed
⚠️ Bot disconnected from Discord with code4004for reason:Authentication Failed
⚠️ Bot disconnected from Discord with code4004for reason:Authentication Failed
⚠️ Bot disconnected from Discord with code4004for reason:Authentication Failed
⚠️ Bot disconnected from Discord with code4004for reason:Authentication Failed
⚠️ Bot disconnected from Discord with code4004for reason:Authentication Failed
⚠️ Bot disconnected from Discord with code4004for reason:Authentication Failed
⚠️ Bot disconnected from Discord with code4004for reason:Authentication Failed
⚠️ Bot disconnected from Discord with code4004for reason:Authentication Failed
⚠️ Bot disconnected from Discord with code4004for reason:Authentication Failed
⚠️ Bot disconnected from Discord with code4004for reason:Authentication Failed
⚠️ Bot disconnected from Discord with code4004for reason:Authentication Failed
⚠️ Bot disconnected from Discord with code4004for reason:Authentication Failed
⚠️ Bot disconnected from Discord with code4004for reason:Authentication Failed
⚠️ Bot disconnected from Discord with code4004for reason:Authentication Failed
⚠️ Bot disconnected from Discord with code4004for reason:Authentication Failed
⚠️ Bot disconnected from Discord with code4004for reason:Authentication Failed
⚠️ Bot disconnected from Discord with code4004for reason:Authentication Failed
⚠️ Bot disconnected from Discord with code4004for reason:Authentication Failed
⚠️ Bot disconnected from Discord with code4004for reason:Authentication Failed
⚠️ Bot disconnected from Discord with code4004for reason:Authentication Failed
⚠️ Bot disconnected from Discord with code4004for reason:Authentication Failed
⚠️ Bot disconnected from Discord with code4004for reason:Authentication Failed
⚠️ Bot disconnected from Discord with code4004for reason:Authentication Failed
⚠️ Bot disconnected from Discord with code4004for reason:Authentication Failed
⚠️ Bot disconnected from Discord with code4004for reason:Authentication Failed
⚠️ Bot disconnected from Discord with code4004for reason:Authentication Failed
⚠️ Bot disconnected from Discord with code4004for reason:Authentication Failed
⚠️ Bot disconnected from Discord with code4004for reason:Authentication Failed
⚠️ Bot disconnected from Discord with code4004for reason:Authentication Failed
⚠️ Bot disconnected from Discord with code4004for reason:Authentication Failed
⚠️ Bot disconnected from Discord with code4004for reason:Authentication Failed
⚠️ Bot disconnected from Discord with code4004for reason:Authentication Failed
⚠️ Bot disconnected from Discord with code4004for reason:Authentication Failed
⚠️ Bot disconnected from Discord with code4004for reason:Authentication Failed
⚠️ Bot disconnected from Discord with code4004for reason:Authentication Failed
⚠️ Bot disconnected from Discord with code4004for reason:Authentication Failed
⚠️ Bot disconnected from Discord with code4004for reason:Authentication Failed
⚠️ Bot disconnected from Discord with code4004for reason:Authentication Failed
⚠️ Bot disconnected from Discord with code4004for reason:Authentication Failed
⚠️ Bot disconnected from Discord with code4004for reason:Authentication Failed
⚠️ Bot disconnected from Discord with code4004for reason:Authentication Failed
⚠️ Bot disconnected from Discord with code4004for reason:Authentication Failed
⚠️ Bot disconnected from Discord with code4004for reason:Authentication Failed
⚠️ Bot disconnected from Discord with code4004for reason:Authentication Failed
⚠️ Bot disconnected from Discord with code4004for reason:Authentication Failed
⚠️ Bot disconnected from Discord with code4004for reason:Authentication Failed
⚠️ Bot disconnected from Discord with code4004for reason:Authentication Failed
⚠️ Bot disconnected from Discord with code4004for reason:Authentication Failed
⚠️ Bot disconnected from Discord with code4004for reason:Authentication Failed
⚠️ Bot disconnected from Discord with code4004for reason:Authentication Failed
⚠️ Bot disconnected from Discord with code4004for reason:Authentication Failed
⚠️ Bot disconnected from Discord with code4004for reason:Authentication Failed
⚠️ Bot disconnected from Discord with code4004for reason:Authentication Failed
⚠️ Bot disconnected from Discord with code4004for reason:Authentication Failed
⚠️ Bot disconnected from Discord with code4004for reason:Authentication Failed
⚠️ Bot disconnected from Discord with code4004for reason:Authentication Failed
⚠️ Bot disconnected from Discord with code4004for reason:Authentication Failed
⚠️ Bot disconnected from Discord with code4004for reason:Authentication Failed
⚠️ Bot disconnected from Discord with code4004for reason:Authentication Failed
⚠️ Bot disconnected from Discord with code4004for reason:Authentication Failed
⚠️ Bot disconnected from Discord with code4004for reason:Authentication Failed
⚠️ Bot disconnected from Discord with code4004for reason:Authentication Failed
⚠️ Bot disconnected from Discord with code4004for reason:Authentication Failed
⚠️ Bot disconnected from Discord with code4004for reason:Authentication Failed
⚠️ Bot disconnected from Discord with code4004for reason:Authentication Failed
⚠️ Bot disconnected from Discord with code4004for reason:Authentication Failed
⚠️ Bot disconnected from Discord with code4004for reason:Authentication Failed
⚠️ Bot disconnected from Discord with code4004for reason:Authentication Failed
⚠️ Bot disconnected from Discord with code4004for reason:Authentication Failed
⚠️ Bot disconnected from Discord with code4004for reason:Authentication Failed
⚠️ Bot disconnected from Discord with code4004for reason:Authentication Failed
⚠️ Bot disconnected from Discord with code4004for reason:Authentication Failed
⚠️ Bot disconnected from Discord with code4004for reason:Authentication Failed
⚠️ Bot disconnected from Discord with code4004for reason:Authentication Failed
⚠️ Bot disconnected from Discord with code4004for reason:Authentication Failed
⚠️ Bot disconnected from Discord with code4004for reason:Authentication Failed
⚠️ Bot disconnected from Discord with code4004for reason:Authentication Failed
⚠️ Bot disconnected from Discord with code4004for reason:Authentication Failed
⚠️ Bot disconnected from Discord with code4004for reason:Authentication Failed
⚠️ Bot disconnected from Discord with code4004for reason:Authentication Failed
⚠️ Bot disconnected from Discord with code4004for reason:Authentication Failed
⚠️ Bot disconnected from Discord with code4004for reason:Authentication Failed
⚠️ Bot disconnected from Discord with code4004for reason:Authentication Failed
⚠️ Bot disconnected from Discord with code4004for reason:Authentication Failed
⚠️ Bot disconnected from Discord with code4004for reason:Authentication Failed
⚠️ Bot disconnected from Discord with code4004for reason:Authentication Failed
⚠️ Bot disconnected from Discord with code4004for reason:Authentication Failed
⚠️ Bot disconnected from Discord with code4004for reason:Authentication Failed
⚠️ Bot disconnected from Discord with code4004for reason:Authentication Failed
⚠️ Bot disconnected from Discord with code4004for reason:Authentication Failed
⚠️ Bot disconnected from Discord with code4004for reason:Authentication Failed
⚠️ Bot disconnected from Discord with code4004for reason:Authentication Failed
⚠️ Bot disconnected from Discord with code4004for reason:Authentication Failed
⚠️ Bot disconnected from Discord with code4004for reason:Authentication Failed
⚠️ Bot disconnected from Discord with code4004for reason:Authentication Failed
⚠️ Bot disconnected from Discord with code4004for reason:Authentication Failed
⚠️ Bot disconnected from Discord with code4004for reason:Authentication Failed
⚠️ Bot disconnected from Discord with code4004for reason:Authentication Failed
⚠️ Bot disconnected from Discord with code4004for reason:Authentication Failed
⚠️ Bot disconnected from Discord with code4004for reason:Authentication Failed
⚠️ Bot disconnected from Discord with code4004for reason:Authentication Failed
⚠️ Bot disconnected from Discord with code4004for reason:Authentication Failed
⚠️ Bot disconnected from Discord with code4004for reason:Authentication Failed
⚠️ Bot disconnected from Discord with code4004for reason:Authentication Failed
⚠️ Bot disconnected from Discord with code4004for reason:Authentication Failed
⚠️ Bot disconnected from Discord with code4004for reason:Authentication Failed
⚠️ Bot disconnected from Discord with code4004for reason:Authentication Failed
⚠️ Bot disconnected from Discord with code4004for reason:Authentication Failed
⚠️ Bot disconnected from Discord with code4004for reason:Authentication Failed
⚠️ Bot disconnected from Discord with code4004for reason:Authentication Failed
⚠️ Bot disconnected from Discord with code4004for reason:Authentication Failed
⚠️ Bot disconnected from Discord with code4004for reason:Authentication Failed
⚠️ Bot disconnected from Discord with code4004for reason:Authentication Failed
⚠️ Bot disconnected from Discord with code4004for reason:Authentication Failed
⚠️ Bot disconnected from Discord with code4004for reason:Authentication Failed
⚠️ Bot disconnected from Discord with code4004for reason:Authentication Failed
⚠️ Bot disconnected from Discord with code4004for reason:Authentication Failed
⚠️ Bot disconnected from Discord with code4004for reason:Authentication Failed
⚠️ Bot disconnected from Discord with code4004for reason:Authentication Failed
⚠️ Bot disconnected from Discord with code4004for reason:Authentication Failed
⚠️ Bot disconnected from Discord with code4004for reason:Authentication Failed
⚠️ Bot disconnected from Discord with code4004for reason:Authentication Failed
⚠️ Bot disconnected from Discord with code4004for reason:Authentication Failed
⚠️ Bot disconnected from Discord with code4004for reason:Authentication Failed
⚠️ Bot disconnected from Discord with code4004for reason:Authentication Failed
⚠️ Bot disconnected from Discord with code4004for reason:Authentication Failed
⚠️ Bot disconnected from Discord with code4004for reason:Authentication Failed
⚠️ Bot disconnected from Discord with code4004for reason:Authentication Failed
⚠️ Bot disconnected from Discord with code4004for reason:Authentication Failed
⚠️ Bot disconnected from Discord with code4004for reason:Authentication Failed
⚠️ Bot disconnected from Discord with code4004for reason:Authentication Failed
⚠️ Bot disconnected from Discord with code4004for reason:Authentication Failed
⚠️ Bot disconnected from Discord with code4004for reason:Authentication Failed
⚠️ Bot disconnected from Discord with code4004for reason:Authentication Failed
⚠️ Bot disconnected from Discord with code4004for reason:Authentication Failed
⚠️ Bot disconnected from Discord with code4004for reason:Authentication Failed
⚠️ Bot disconnected from Discord with code4004for reason:Authentication Failed
⚠️ Bot disconnected from Discord with code4004for reason:Authentication Failed
⚠️ Bot disconnected from Discord with code4004for reason:Authentication Failed
⚠️ Bot disconnected from Discord with code4004for reason:Authentication Failed
⚠️ Bot disconnected from Discord with code4004for reason:Authentication Failed
⚠️ Bot disconnected from Discord with code4004for reason:Authentication Failed
⚠️ Bot disconnected from Discord with code4004for reason:Authentication Failed
⚠️ Bot disconnected from Discord with code4004for reason:Authentication Failed
⚠️ Bot disconnected from Discord with code4004for reason:Authentication Failed
⚠️ Bot disconnected from Discord with code4004for reason:Authentication Failed
⚠️ Bot disconnected from Discord with code4004for reason:Authentication Failed
⚠️ Bot disconnected from Discord with code4004for reason:Authentication Failed
⚠️ Bot disconnected from Discord with code4004for reason:Authentication Failed
⚠️ Bot disconnected from Discord with code4004for reason:Authentication Failed
⚠️ Bot disconnected from Discord with code4004for reason:Authentication Failed
⚠️ Bot disconnected from Discord with code4004for reason:Authentication Failed
⚠️ Bot disconnected from Discord with code4004for reason:Authentication Failed
⚠️ Bot disconnected from Discord with code4004for reason:Authentication Failed
⚠️ Bot disconnected from Discord with code4004for reason:Authentication Failed
⚠️ Bot disconnected from Discord with code4004for reason:Authentication Failed
⚠️ Bot disconnected from Discord with code4004for reason:Authentication Failed
⚠️ Bot disconnected from Discord with code4004for reason:Authentication Failed
⚠️ Bot disconnected from Discord with code4004for reason:Authentication Failed
⚠️ Bot disconnected from Discord with code4004for reason:Authentication Failed
⚠️ Bot disconnected from Discord with code4004for reason:Authentication Failed
⚠️ Bot disconnected from Discord with code4004for reason:Authentication Failed
⚠️ Bot disconnected from Discord with code4004for reason:Authentication Failed
⚠️ Bot disconnected from Discord with code4004for reason:Authentication Failed
⚠️ Bot disconnected from Discord with code4004for reason:Authentication Failed
⚠️ Bot disconnected from Discord with code4004for reason:Authentication Failed
⚠️ Bot disconnected from Discord with code4004for reason:Authentication Failed
⚠️ Bot disconnected from Discord with code4004for reason:Authentication Failed
⚠️ Bot disconnected from Discord with code4004for reason:Authentication Failed
⚠️ Bot disconnected from Discord with code4004for reason:Authentication Failed
⚠️ Bot disconnected from Discord with code4004for reason:Authentication Failed
⚠️ Bot disconnected from Discord with code4004for reason:Authentication Failed
⚠️ Bot disconnected from Discord with code4004for reason:Authentication Failed
⚠️ Bot disconnected from Discord with code4004for reason:Authentication Failed
⚠️ Bot disconnected from Discord with code4004for reason:Authentication Failed
⚠️ Bot disconnected from Discord with code4004for reason:Authentication Failed
⚠️ Bot disconnected from Discord with code4004for reason:Authentication Failed
⚠️ Bot disconnected from Discord with code4004for reason:Authentication Failed
⚠️ Bot disconnected from Discord with code4004for reason:Authentication Failed
⚠️ Bot disconnected from Discord with code4004for reason:Authentication Failed
⚠️ Bot disconnected from Discord with code4004for reason:Authentication Failed
⚠️ Bot disconnected from Discord with code4004for reason:Authentication Failed
⚠️ Bot disconnected from Discord with code4004for reason:Authentication Failed
⚠️ Bot disconnected from Discord with code4004for reason:Authentication Failed
⚠️ Bot disconnected from Discord with code4004for reason:Authentication Failed
⚠️ Bot disconnected from Discord with code4004for reason:Authentication Failed
⚠️ Bot disconnected from Discord with code4004for reason:Authentication Failed
⚠️ Bot disconnected from Discord with code4004for reason:Authentication Failed
⚠️ Bot disconnected from Discord with code4004for reason:Authentication Failed
⚠️ Bot disconnected from Discord with code4004for reason:Authentication Failed
⚠️ Bot disconnected from Discord with code4004for reason:Authentication Failed
⚠️ Bot disconnected from Discord with code4004for reason:Authentication Failed
⚠️ Bot disconnected from Discord with code4004for reason:Authentication Failed
⚠️ Bot disconnected from Discord with code4004for reason:Authentication Failed
⚠️ Bot disconnected from Discord with code4004for reason:Authentication Failed
⚠️ Bot disconnected from Discord with code4004for reason:Authentication Failed
⚠️ Bot disconnected from Discord with code4004for reason:Authentication Failed
⚠️ Bot disconnected from Discord with code4004for reason:Authentication Failed
⚠️ Bot disconnected from Discord with code4004for reason:Authentication Failed
⚠️ Bot disconnected from Discord with code4004for reason:Authentication Failed
⚠️ Bot disconnected from Discord with code4004for reason:Authentication Failed
⚠️ Bot disconnected from Discord with code4004for reason:Authentication Failed
⚠️ Bot disconnected from Discord with code4004for reason:Authentication Failed
⚠️ Bot disconnected from Discord with code4004for reason:Authentication Failed
⚠️ Bot disconnected from Discord with code4004for reason:Authentication Failed
⚠️ Bot disconnected from Discord with code4004for reason:Authentication Failed
⚠️ Bot disconnected from Discord with code4004for reason:Authentication Failed
⚠️ Bot disconnected from Discord with code4004for reason:Authentication Failed
⚠️ Bot disconnected from Discord with code4004for reason:Authentication Failed
⚠️ Bot disconnected from Discord with code4004for reason:Authentication Failed
⚠️ Bot disconnected from Discord with code4004for reason:Authentication Failed
⚠️ Bot disconnected from Discord with code4004for reason:Authentication Failed
⚠️ Bot disconnected from Discord with code4004for reason:Authentication Failed
⚠️ Bot disconnected from Discord with code4004for reason:Authentication Failed
⚠️ Bot disconnected from Discord with code4004for reason:Authentication Failed
⚠️ Bot disconnected from Discord with code4004for reason:Authentication Failed
⚠️ Bot disconnected from Discord with code4004for reason:Authentication Failed
⚠️ Bot disconnected from Discord with code4004for reason:Authentication Failed
⚠️ Bot disconnected from Discord with code4004for reason:Authentication Failed
⚠️ Bot disconnected from Discord with code4004for reason:Authentication Failed
⚠️ Bot disconnected from Discord with code4004for reason:Authentication Failed
⚠️ Bot disconnected from Discord with code4004for reason:Authentication Failed
⚠️ Bot disconnected from Discord with code4004for reason:Authentication Failed
⚠️ Bot disconnected from Discord with code4004for reason:Authentication Failed
⚠️ Bot disconnected from Discord with code4004for reason:Authentication Failed
⚠️ Bot disconnected from Discord with code4004for reason:Authentication Failed
⚠️ Bot disconnected from Discord with code4004for reason:Authentication Failed
⚠️ Bot disconnected from Discord with code4004for reason:Authentication Failed
⚠️ Bot disconnected from Discord with code4004for reason:Authentication Failed
⚠️ Bot disconnected from Discord with code4004for reason:Authentication Failed
⚠️ Bot disconnected from Discord with code4004for reason:Authentication Failed
⚠️ Bot disconnected from Discord with code4004for reason:Authentication Failed
⚠️ Bot disconnected from Discord with code4004for reason:Authentication Failed
⚠️ Bot disconnected from Discord with code4004for reason:Authentication Failed
⚠️ Bot disconnected from Discord with code4004for reason:Authentication Failed
⚠️ Bot disconnected from Discord with code4004for reason:Authentication Failed
⚠️ Bot disconnected from Discord with code4004for reason:Authentication Failed
⚠️ Bot disconnected from Discord with code4004for reason:Authentication Failed
⚠️ Bot disconnected from Discord with code4004for reason:Authentication Failed
⚠️ Bot disconnected from Discord with code4004for reason:Authentication Failed
⚠️ Bot disconnected from Discord with code4004for reason:Authentication Failed
⚠️ Bot disconnected from Discord with code4004for reason:Authentication Failed
⚠️ Bot disconnected from Discord with code4004for reason:Authentication Failed
⚠️ Bot disconnected from Discord with code4004for reason:Authentication Failed
⚠️ Bot disconnected from Discord with code4004for reason:Authentication Failed
⚠️ Bot disconnected from Discord with code4004for reason:Authentication Failed
⚠️ Bot disconnected from Discord with code4004for reason:Authentication Failed
⚠️ Bot disconnected from Discord with code4004for reason:Authentication Failed
⚠️ Bot disconnected from Discord with code4004for reason:Authentication Failed
⚠️ Bot disconnected from Discord with code4004for reason:Authentication Failed
⚠️ Bot disconnected from Discord with code4004for reason:Authentication Failed
⚠️ Bot disconnected from Discord with code4004for reason:Authentication Failed
⚠️ Bot disconnected from Discord with code4004for reason:Authentication Failed
⚠️ Bot disconnected from Discord with code4004for reason:Authentication Failed
⚠️ Bot disconnected from Discord with code4004for reason:Authentication Failed
⚠️ Bot disconnected from Discord with code4004for reason:Authentication Failed
⚠️ Bot disconnected from Discord with code4004for reason:Authentication Failed
⚠️ Bot disconnected from Discord with code4004for reason:Authentication Failed
⚠️ Bot disconnected from Discord with code4004for reason:Authentication Failed
⚠️ Bot disconnected from Discord with code4004for reason:Authentication Failed
⚠️ Bot disconnected from Discord with code4004for reason:Authentication Failed
⚠️ Bot disconnected from Discord with code4004for reason:Authentication Failed
⚠️ Bot disconnected from Discord with code4004for reason:Authentication Failed
⚠️ Bot disconnected from Discord with code4004for reason:Authentication Failed
⚠️ Bot disconnected from Discord with code4004for reason:Authentication Failed
⚠️ Bot disconnected from Discord with code4004for reason:Authentication Failed
⚠️ Bot disconnected from Discord with code4004for reason:Authentication Failed
⚠️ Bot disconnected from Discord with code4004for reason:Authentication Failed
⚠️ Bot disconnected from Discord with code4004for reason:Authentication Failed
⚠️ Bot disconnected from Discord with code4004for reason:Authentication Failed
⚠️ Bot disconnected from Discord with code4004for reason:Authentication Failed
⚠️ Bot disconnected from Discord with code4004for reason:Authentication Failed
⚠️ Bot disconnected from Discord with code4004for reason:Authentication Failed
⚠️ Bot disconnected from Discord with code4004for reason:Authentication Failed
⚠️ Bot disconnected from Discord with code4004for reason:Authentication Failed
⚠️ Bot disconnected from Discord with code4004for reason:Authentication Failed
⚠️ Bot disconnected from Discord with code4004for reason:Authentication Failed
⚠️ Bot disconnected from Discord with code4004for reason:Authentication Failed
⚠️ Bot disconnected from Discord with code4004for reason:Authentication Failed
⚠️ Bot disconnected from Discord with code4004for reason:Authentication Failed
⚠️ Bot disconnected from Discord with code4004for reason:Authentication Failed
⚠️ Bot disconnected from Discord with code4004for reason:Authentication Failed
⚠️ Bot disconnected from Discord with code4004for reason:Authentication Failed
⚠️ Bot disconnected from Discord with code4004for reason:Authentication Failed
⚠️ Bot disconnected from Discord with code4004for reason:Authentication Failed
⚠️ Bot disconnected from Discord with code4004for reason:Authentication Failed
⚠️ Bot disconnected from Discord with code4004for reason:Authentication Failed
⚠️ Bot disconnected from Discord with code4004for reason:Authentication Failed
⚠️ Bot disconnected from Discord with code4004for reason:Authentication Failed
⚠️ Bot disconnected from Discord with code4004for reason:Authentication Failed
⚠️ Bot disconnected from Discord with code4004for reason:Authentication Failed
⚠️ Bot disconnected from Discord with code4004for reason:Authentication Failed
⚠️ Bot disconnected from Discord with code4004for reason:Authentication Failed
⚠️ Bot disconnected from Discord with code4004for reason:Authentication Failed
⚠️ Bot disconnected from Discord with code4004for reason:Authentication Failed
⚠️ Bot disconnected from Discord with code4004for reason:Authentication Failed
⚠️ Bot disconnected from Discord with code4004for reason:Authentication Failed
⚠️ Bot disconnected from Discord with code4004for reason:Authentication Failed
⚠️ Bot disconnected from Discord with code4004for reason:Authentication Failed
⚠️ Bot disconnected from Discord with code4004for reason:Authentication Failed
⚠️ Bot disconnected from Discord with code4004for reason:Authentication Failed
⚠️ Bot disconnected from Discord with code4004for reason:Authentication Failed
⚠️ Bot disconnected from Discord with code4004for reason:Authentication Failed
⚠️ Bot disconnected from Discord with code4004for reason:Authentication Failed
⚠️ Bot disconnected from Discord with code4004for reason:Authentication Failed
⚠️ Bot disconnected from Discord with code4004for reason:Authentication Failed
⚠️ Bot disconnected from Discord with code4004for reason:Authentication Failed
⚠️ Bot disconnected from Discord with code4004for reason:Authentication Failed
⚠️ Bot disconnected from Discord with code4004for reason:Authentication Failed
⚠️ Bot disconnected from Discord with code4004for reason:Authentication Failed
⚠️ Bot disconnected from Discord with code4004for reason:Authentication Failed
⚠️ Bot disconnected from Discord with code4004for reason:Authentication Failed
⚠️ Bot disconnected from Discord with code4004for reason:Authentication Failed
⚠️ Bot disconnected from Discord with code4004for reason:Authentication Failed
⚠️ Bot disconnected from Discord with code4004for reason:Authentication Failed
⚠️ Bot disconnected from Discord with code4004for reason:Authentication Failed
⚠️ Bot disconnected from Discord with code4004for reason:Authentication Failed
⚠️ Bot disconnected from Discord with code4004for reason:Authentication Failed
⚠️ Bot disconnected from Discord with code4004for reason:Authentication Failed
⚠️ Bot disconnected from Discord with code4004for reason:Authentication Failed
⚠️ Bot disconnected from Discord with code4004for reason:Authentication Failed
⚠️ Bot disconnected from Discord with code4004for reason:Authentication Failed
⚠️ Bot disconnected from Discord with code4004for reason:Authentication Failed
⚠️ Bot disconnected from Discord with code4004for reason:Authentication Failed
⚠️ Bot disconnected from Discord with code4004for reason:Authentication Failed
⚠️ Bot disconnected from Discord with code4004for reason:Authentication Failed
⚠️ Bot disconnected from Discord with code4004for reason:Authentication Failed
⚠️ Bot disconnected from Discord with code4004for reason:Authentication Failed
⚠️ Bot disconnected from Discord with code4004for reason:Authentication Failed
⚠️ Bot disconnected from Discord with code4004for reason:Authentication Failed
⚠️ Bot disconnected from Discord with code4004for reason:Authentication Failed
⚠️ Bot disconnected from Discord with code4004for reason:Authentication Failed
⚠️ Bot disconnected from Discord with code4004for reason:Authentication Failed
⚠️ Bot disconnected from Discord with code4004for reason:Authentication Failed
⚠️ Bot disconnected from Discord with code4004for reason:Authentication Failed
⚠️ Bot disconnected from Discord with code4004for reason:Authentication Failed
⚠️ Bot disconnected from Discord with code4004for reason:Authentication Failed
⚠️ Bot disconnected from Discord with code4004for reason:Authentication Failed
⚠️ Bot disconnected from Discord with code4004for reason:Authentication Failed
⚠️ Bot disconnected from Discord with code4004for reason:Authentication Failed
⚠️ Bot disconnected from Discord with code4004for reason:Authentication Failed
⚠️ Bot disconnected from Discord with code4004for reason:Authentication Failed
⚠️ Bot disconnected from Discord with code4004for reason:Authentication Failed
⚠️ Bot disconnected from Discord with code4004for reason:Authentication Failed
⚠️ Bot disconnected from Discord with code4004for reason:Authentication Failed
⚠️ Bot disconnected from Discord with code4004for reason:Authentication Failed
⚠️ Bot disconnected from Discord with code4004for reason:Authentication Failed
⚠️ Bot disconnected from Discord with code4004for reason:Authentication Failed
⚠️ Bot disconnected from Discord with code4004for reason:Authentication Failed
⚠️ Bot disconnected from Discord with code4004for reason:Authentication Failed
⚠️ Bot disconnected from Discord with code4004for reason:Authentication Failed
⚠️ Bot disconnected from Discord with code4004for reason:Authentication Failed
⚠️ Bot disconnected from Discord with code4004for reason:Authentication Failed
⚠️ Bot disconnected from Discord with code4004for reason:Authentication Failed
⚠️ Bot disconnected from Discord with code4004for reason:Authentication Failed
⚠️ Bot disconnected from Discord with code4004for reason:Authentication Failed
⚠️ Bot disconnected from Discord with code4004for reason:Authentication Failed
⚠️ Bot disconnected from Discord with code4004for reason:Authentication Failed
⚠️ Bot disconnected from Discord with code4004for reason:Authentication Failed
⚠️ Bot disconnected from Discord with code4004for reason:Authentication Failed
⚠️ Bot disconnected from Discord with code4004for reason:Authentication Failed
⚠️ Bot disconnected from Discord with code4004for reason:Authentication Failed
⚠️ Bot disconnected from Discord with code4004for reason:Authentication Failed
⚠️ Bot disconnected from Discord with code4004for reason:Authentication Failed
⚠️ Bot disconnected from Discord with code4004for reason:Authentication Failed
⚠️ Bot disconnected from Discord with code4004for reason:Authentication Failed
⚠️ Bot disconnected from Discord with code4004for reason:Authentication Failed
⚠️ Bot disconnected from Discord with code4004for reason:Authentication Failed
⚠️ Bot disconnected from Discord with code4004for reason:Authentication Failed
⚠️ Bot disconnected from Discord with code4004for reason:Authentication Failed
⚠️ Bot disconnected from Discord with code4004for reason:Authentication Failed
⚠️ Bot disconnected from Discord with code4004for reason:Authentication Failed
⚠️ Bot disconnected from Discord with code4004for reason:Authentication Failed
⚠️ Bot disconnected from Discord with code4004for reason:Authentication Failed
⚠️ Bot disconnected from Discord with code4004for reason:Authentication Failed
⚠️ Bot disconnected from Discord with code4004for reason:Authentication Failed
⚠️ Bot disconnected from Discord with code4004for reason:Authentication Failed
⚠️ Bot disconnected from Discord with code4004for reason:Authentication Failed
⚠️ Bot disconnected from Discord with code4004for reason:Authentication Failed
⚠️ Bot disconnected from Discord with code4004for reason:Authentication Failed
⚠️ Bot disconnected from Discord with code4004for reason:Authentication Failed
⚠️ Bot disconnected from Discord with code4004for reason:Authentication Failed
⚠️ Bot disconnected from Discord with code4004for reason:Authentication Failed
⚠️ Bot disconnected from Discord with code4004for reason:Authentication Failed
⚠️ Bot disconnected from Discord with code4004for reason:Authentication Failed
⚠️ Bot disconnected from Discord with code4004for reason:Authentication Failed
⚠️ Bot disconnected from Discord with code4004for reason:Authentication Failed
⚠️ Bot disconnected from Discord with code4004for reason:Authentication Failed
⚠️ Bot disconnected from Discord with code4004for reason:Authentication Failed
⚠️ Bot disconnected from Discord with code4004for reason:Authentication Failed
⚠️ Bot disconnected from Discord with code4004for reason:Authentication Failed
⚠️ Bot disconnected from Discord with code4004for reason:Authentication Failed
⚠️ Bot disconnected from Discord with code4004for reason:Authentication Failed
⚠️ Bot disconnected from Discord with code4004for reason:Authentication Failed
⚠️ Bot disconnected from Discord with code4004for reason:Authentication Failed
⚠️ Bot disconnected from Discord with code4004for reason:Authentication Failed
⚠️ Bot disconnected from Discord with code4004for reason:Authentication Failed
⚠️ Bot disconnected from Discord with code4004for reason:Authentication Failed
⚠️ Bot disconnected from Discord with code4004for reason:Authentication Failed
⚠️ Bot disconnected from Discord with code4004for reason:Authentication Failed
⚠️ Bot disconnected from Discord with code4004for reason:Authentication Failed
⚠️ Bot disconnected from Discord with code4004for reason:Authentication Failed
