Error: listen EADDRINUSE :::3000
    at Object._errnoException (util.js:992:11)
    at _exceptionWithHostPort (util.js:1014:20)
    at Server.setupListenHandle [as _listen2] (net.js:1355:14)
    at listenInCluster (net.js:1396:12)
    at Server.listen (net.js:1480:7)
    at Function.listen (/rbd/pnpm-volume/f5af9d3a-ffd0-418f-aa32-b1c33f42f24a/node_modules/.registry.npmjs.org/express/4.16.3/node_modules/express/lib/application.js:618:24)
    at Object.<anonymous> (/app/bot.js:44:5)
    at Module._compile (module.js:652:30)
    at Object.Module._extensions..js (module.js:663:10)
    at Module.load (module.js:565:32)
    at tryModuleLoad (module.js:505:12)
    at Function.Module._load (module.js:497:3)
    at Object.<anonymous> (/rbd/pnpm-volume/f5af9d3a-ffd0-418f-aa32-b1c33f42f24a/node_modules/.registry.npmjs.org/pm2/2.10.4/node_modules/pm2/lib/ProcessContainerFork.js:83:21)
    at Module._compile (module.js:652:30)
    at Object.Module._extensions..js (module.js:663:10)
    at Module.load (module.js:565:32)
Error: listen EADDRINUSE :::3000
    at Object._errnoException (util.js:992:11)
    at _exceptionWithHostPort (util.js:1014:20)
    at Server.setupListenHandle [as _listen2] (net.js:1355:14)
    at listenInCluster (net.js:1396:12)
    at Server.listen (net.js:1480:7)
    at Function.listen (/rbd/pnpm-volume/f5af9d3a-ffd0-418f-aa32-b1c33f42f24a/node_modules/.registry.npmjs.org/express/4.16.3/node_modules/express/lib/application.js:618:24)
    at Object.<anonymous> (/app/bot.js:44:5)
    at Module._compile (module.js:652:30)
    at Object.Module._extensions..js (module.js:663:10)
    at Module.load (module.js:565:32)
    at tryModuleLoad (module.js:505:12)
    at Function.Module._load (module.js:497:3)
    at Object.<anonymous> (/rbd/pnpm-volume/f5af9d3a-ffd0-418f-aa32-b1c33f42f24a/node_modules/.registry.npmjs.org/pm2/2.10.4/node_modules/pm2/lib/ProcessContainerFork.js:83:21)
    at Module._compile (module.js:652:30)
    at Object.Module._extensions..js (module.js:663:10)
    at Module.load (module.js:565:32)
Error: listen EADDRINUSE :::3000
    at Object._errnoException (util.js:992:11)
    at _exceptionWithHostPort (util.js:1014:20)
    at Server.setupListenHandle [as _listen2] (net.js:1355:14)
    at listenInCluster (net.js:1396:12)
    at Server.listen (net.js:1480:7)
    at Function.listen (/rbd/pnpm-volume/f5af9d3a-ffd0-418f-aa32-b1c33f42f24a/node_modules/.registry.npmjs.org/express/4.16.3/node_modules/express/lib/application.js:618:24)
    at Object.<anonymous> (/app/bot.js:44:5)
    at Module._compile (module.js:652:30)
    at Object.Module._extensions..js (module.js:663:10)
    at Module.load (module.js:565:32)
    at tryModuleLoad (module.js:505:12)
    at Function.Module._load (module.js:497:3)
    at Object.<anonymous> (/rbd/pnpm-volume/f5af9d3a-ffd0-418f-aa32-b1c33f42f24a/node_modules/.registry.npmjs.org/pm2/2.10.4/node_modules/pm2/lib/ProcessContainerFork.js:83:21)
    at Module._compile (module.js:652:30)
    at Object.Module._extensions..js (module.js:663:10)
    at Module.load (module.js:565:32)
Error: listen EADDRINUSE :::3000
    at Object._errnoException (util.js:992:11)
    at _exceptionWithHostPort (util.js:1014:20)
    at Server.setupListenHandle [as _listen2] (net.js:1355:14)
    at listenInCluster (net.js:1396:12)
    at Server.listen (net.js:1480:7)
    at Function.listen (/rbd/pnpm-volume/f5af9d3a-ffd0-418f-aa32-b1c33f42f24a/node_modules/.registry.npmjs.org/express/4.16.3/node_modules/express/lib/application.js:618:24)
    at Object.<anonymous> (/app/bot.js:44:5)
    at Module._compile (module.js:652:30)
    at Object.Module._extensions..js (module.js:663:10)
    at Module.load (module.js:565:32)
    at tryModuleLoad (module.js:505:12)
    at Function.Module._load (module.js:497:3)
    at Object.<anonymous> (/rbd/pnpm-volume/f5af9d3a-ffd0-418f-aa32-b1c33f42f24a/node_modules/.registry.npmjs.org/pm2/2.10.4/node_modules/pm2/lib/ProcessContainerFork.js:83:21)
    at Module._compile (module.js:652:30)
    at Object.Module._extensions..js (module.js:663:10)
    at Module.load (module.js:565:32)
Error: listen EADDRINUSE :::3000
    at Object._errnoException (util.js:992:11)
    at _exceptionWithHostPort (util.js:1014:20)
    at Server.setupListenHandle [as _listen2] (net.js:1355:14)
    at listenInCluster (net.js:1396:12)
    at Server.listen (net.js:1480:7)
    at Function.listen (/rbd/pnpm-volume/f5af9d3a-ffd0-418f-aa32-b1c33f42f24a/node_modules/.registry.npmjs.org/express/4.16.3/node_modules/express/lib/application.js:618:24)
    at Object.<anonymous> (/app/bot.js:58:5)
    at Module._compile (module.js:652:30)
    at Object.Module._extensions..js (module.js:663:10)
    at Module.load (module.js:565:32)
    at tryModuleLoad (module.js:505:12)
    at Function.Module._load (module.js:497:3)
    at Object.<anonymous> (/rbd/pnpm-volume/f5af9d3a-ffd0-418f-aa32-b1c33f42f24a/node_modules/.registry.npmjs.org/pm2/2.10.4/node_modules/pm2/lib/ProcessContainerFork.js:83:21)
    at Module._compile (module.js:652:30)
    at Object.Module._extensions..js (module.js:663:10)
    at Module.load (module.js:565:32)
Error: listen EADDRINUSE :::3000
    at Object._errnoException (util.js:992:11)
    at _exceptionWithHostPort (util.js:1014:20)
    at Server.setupListenHandle [as _listen2] (net.js:1355:14)
    at listenInCluster (net.js:1396:12)
    at Server.listen (net.js:1480:7)
    at Function.listen (/rbd/pnpm-volume/f5af9d3a-ffd0-418f-aa32-b1c33f42f24a/node_modules/.registry.npmjs.org/express/4.16.3/node_modules/express/lib/application.js:618:24)
    at Object.<anonymous> (/app/bot.js:49:5)
    at Module._compile (module.js:652:30)
    at Object.Module._extensions..js (module.js:663:10)
    at Module.load (module.js:565:32)
    at tryModuleLoad (module.js:505:12)
    at Function.Module._load (module.js:497:3)
    at Object.<anonymous> (/rbd/pnpm-volume/f5af9d3a-ffd0-418f-aa32-b1c33f42f24a/node_modules/.registry.npmjs.org/pm2/2.10.4/node_modules/pm2/lib/ProcessContainerFork.js:83:21)
    at Module._compile (module.js:652:30)
    at Object.Module._extensions..js (module.js:663:10)
    at Module.load (module.js:565:32)
